<?xml version="1.0" encoding="UTF-8"?>
<testsuite name="pipboss.DieTest" tests="3" skipped="0" failures="0" errors="0" timestamp="2023-02-15T20:04:23" hostname="Tylers-MacBook-Pro.local" time="0.006">
  <properties/>
  <testcase name="testRoll()" classname="pipboss.DieTest" time="0.0"/>
  <testcase name="testToString()" classname="pipboss.DieTest" time="0.001"/>
  <testcase name="testPidOnlyConstructor()" classname="pipboss.DieTest" time="0.003"/>
  <system-out><![CDATA[]]></system-out>
  <system-err><![CDATA[]]></system-err>
</testsuite>
