<?xml version="1.0" encoding="UTF-8"?>
<testsuite name="pipboss.ConsoleControllerTest" tests="3" skipped="0" failures="0" errors="0" timestamp="2023-02-15T20:04:23" hostname="Tylers-MacBook-Pro.local" time="0.006">
  <properties/>
  <testcase name="testFiftyFiftyChoice()" classname="pipboss.ConsoleControllerTest" time="0.001"/>
  <testcase name="testGetDiceChoice2()" classname="pipboss.ConsoleControllerTest" time="0.003"/>
  <testcase name="testGetDiceChoice()" classname="pipboss.ConsoleControllerTest" time="0.001"/>
  <system-out><![CDATA[Fifty Fifty prize is: 1 chip and marker is: 1
Whould you like to take the payout?
P2 You rolled [2+2].
Which casino will you place?
P2 You rolled [1, 2, 3, 4, 5, 6, 2+2].
Which casino will you place?
]]></system-out>
  <system-err><![CDATA[]]></system-err>
</testsuite>
