<?xml version="1.0" encoding="UTF-8"?>
<testsuite name="pipboss.PayDayTest" tests="6" skipped="0" failures="0" errors="0" timestamp="2023-02-15T20:04:24" hostname="Tylers-MacBook-Pro.local" time="0.004">
  <properties/>
  <testcase name="testtoString()" classname="pipboss.PayDayTest" time="0.001"/>
  <testcase name="testGetName()" classname="pipboss.PayDayTest" time="0.0"/>
  <testcase name="testActivate1()" classname="pipboss.PayDayTest" time="0.001"/>
  <testcase name="testActivate2()" classname="pipboss.PayDayTest" time="0.001"/>
  <testcase name="testActivate3()" classname="pipboss.PayDayTest" time="0.001"/>
  <testcase name="testEquals()" classname="pipboss.PayDayTest" time="0.0"/>
  <system-out><![CDATA[P1 gained 0 chips: Pay Day (has presence at 0 casinos).
The minigame Pay Day at Casino 1 has the following update: P1 has presence at 0 casinos.
P1 gained 0 chips: Pay Day (has presence at 0 casinos).
The minigame Pay Day at Casino 1 has the following update: P1 has presence at 0 casinos.
P1 gained $3: Pay Day (has presence at 3 casinos).
The minigame Pay Day at Casino 1 has the following update: P1 has presence at 3 casinos.
]]></system-out>
  <system-err><![CDATA[]]></system-err>
</testsuite>
