<?xml version="1.0" encoding="UTF-8"?>
<testsuite name="pipboss.JackpotTest" tests="7" skipped="0" failures="0" errors="0" timestamp="2023-02-15T20:04:24" hostname="Tylers-MacBook-Pro.local" time="0.011">
  <properties/>
  <testcase name="testtoString()" classname="pipboss.JackpotTest" time="0.001"/>
  <testcase name="testGetName()" classname="pipboss.JackpotTest" time="0.0"/>
  <testcase name="testActivate1()" classname="pipboss.JackpotTest" time="0.007"/>
  <testcase name="testActivate2()" classname="pipboss.JackpotTest" time="0.001"/>
  <testcase name="testActivate3()" classname="pipboss.JackpotTest" time="0.001"/>
  <testcase name="testActivate4()" classname="pipboss.JackpotTest" time="0.0"/>
  <testcase name="testEquals()" classname="pipboss.JackpotTest" time="0.001"/>
  <system-out><![CDATA[P1 gained $3: Jackpot ( [1,1] -> $3).
The minigame Jackpot at Casino 0 has the following update: [1,1] was rolled, and payout was $3. Potential payout is now $3.
The minigame Jackpot at Casino 0 has the following update: [1,2] was rolled. Potential payout is now $4.
The minigame Jackpot at Casino 0 has the following update: [1,2] was rolled. Potential payout is now $8.
P1 gained $8: Jackpot ( [3,4] -> $8).
The minigame Jackpot at Casino 0 has the following update: [3,4] was rolled, and payout was $8. Potential payout is now $3.
]]></system-out>
  <system-err><![CDATA[]]></system-err>
</testsuite>
