<?xml version="1.0" encoding="UTF-8"?>
<testsuite name="pipboss.DeckTest" tests="1" skipped="0" failures="0" errors="0" timestamp="2023-02-15T20:04:23" hostname="Tylers-MacBook-Pro.local" time="0.001">
  <properties/>
  <testcase name="testConstructor()" classname="pipboss.DeckTest" time="0.001"/>
  <system-out><![CDATA[]]></system-out>
  <system-err><![CDATA[]]></system-err>
</testsuite>
