<?xml version="1.0" encoding="UTF-8"?>
<testsuite name="pipboss.LuckyPunchTest" tests="8" skipped="0" failures="0" errors="0" timestamp="2023-02-15T20:04:24" hostname="Tylers-MacBook-Pro.local" time="0.008">
  <properties/>
  <testcase name="testtoString()" classname="pipboss.LuckyPunchTest" time="0.001"/>
  <testcase name="testGetName()" classname="pipboss.LuckyPunchTest" time="0.0"/>
  <testcase name="testActivate1()" classname="pipboss.LuckyPunchTest" time="0.002"/>
  <testcase name="testActivate2()" classname="pipboss.LuckyPunchTest" time="0.001"/>
  <testcase name="testActivate3()" classname="pipboss.LuckyPunchTest" time="0.001"/>
  <testcase name="testActivate4()" classname="pipboss.LuckyPunchTest" time="0.001"/>
  <testcase name="testActivate5()" classname="pipboss.LuckyPunchTest" time="0.001"/>
  <testcase name="testEquals()" classname="pipboss.LuckyPunchTest" time="0.0"/>
  <system-out><![CDATA[What is your choice?
What is your choice?
The minigame Jackpot has the following update: Guess 0 was incorrect.
P1 gained $4: Lucky Punch
What is your choice?
What is your choice?
The minigame Jackpot has the following update: Guess 2 was incorrect.
P1 gained $3: Lucky Punch
What is your choice?
What is your choice?
The minigame Jackpot has the following update: Guess 1 was correct.
P1 gained $0: Lucky Punch
What is your choice?
What is your choice?
The minigame Jackpot has the following update: Guess 2 was incorrect.
P1 gained $3: Lucky Punch
What is your choice?
What is your choice?
The minigame Jackpot has the following update: Guess 2 was incorrect.
P1 gained 2 chips: Lucky Punch
]]></system-out>
  <system-err><![CDATA[]]></system-err>
</testsuite>
