<?xml version="1.0" encoding="UTF-8"?>
<testsuite name="pipboss.BlackBoxTest" tests="6" skipped="0" failures="0" errors="0" timestamp="2023-02-15T20:04:23" hostname="Tylers-MacBook-Pro.local" time="0.041">
  <properties/>
  <testcase name="testtoString()" classname="pipboss.BlackBoxTest" time="0.006"/>
  <testcase name="testGetName()" classname="pipboss.BlackBoxTest" time="0.001"/>
  <testcase name="testActivate1()" classname="pipboss.BlackBoxTest" time="0.005"/>
  <testcase name="testActivate2()" classname="pipboss.BlackBoxTest" time="0.021"/>
  <testcase name="testActivate3()" classname="pipboss.BlackBoxTest" time="0.002"/>
  <testcase name="testEquals()" classname="pipboss.BlackBoxTest" time="0.003"/>
  <system-out><![CDATA[0: which pile would you like to place
0: which pile would you like to place
0: which pile would you like to place
2: which pile would you like to place
2: which pile would you like to place
Pile 1 is: 1 -- Pile 2 is: 5
Which pile would you like?
P1 gained $6: Black Box (chose 00022 out of 6|00022).
The minigame Black Box at Casino 1 has the following update: P2 split as 6|00022 and P1 chose 00022.
0: which pile would you like to place
0: which pile would you like to place
0: which pile would you like to place
2: which pile would you like to place
2: which pile would you like to place
Pile 1 is: 1 -- Pile 2 is: 5
Which pile would you like?
P1 gained $6: Black Box (chose 6 out of 6|00022).
The minigame Black Box at Casino 1 has the following update: P2 split as 6|00022 and P1 chose 6.
]]></system-out>
  <system-err><![CDATA[]]></system-err>
</testsuite>
