<?xml version="1.0" encoding="UTF-8"?>
<testsuite name="pipboss.IntBoolPairTest" tests="1" skipped="0" failures="0" errors="0" timestamp="2023-02-15T20:04:24" hostname="Tylers-MacBook-Pro.local" time="0.0">
  <properties/>
  <testcase name="TestConstructor()" classname="pipboss.IntBoolPairTest" time="0.0"/>
  <system-out><![CDATA[]]></system-out>
  <system-err><![CDATA[]]></system-err>
</testsuite>
