<?xml version="1.0" encoding="UTF-8"?>
<testsuite name="pipboss.ConsoleViewTest" tests="4" skipped="0" failures="0" errors="0" timestamp="2023-02-15T20:04:23" hostname="Tylers-MacBook-Pro.local" time="0.024">
  <properties/>
  <testcase name="testDisplayBoard()" classname="pipboss.ConsoleViewTest" time="0.009"/>
  <testcase name="testRoundEnd()" classname="pipboss.ConsoleViewTest" time="0.005"/>
  <testcase name="testGameStart()" classname="pipboss.ConsoleViewTest" time="0.004"/>
  <testcase name="testStartRound()" classname="pipboss.ConsoleViewTest" time="0.004"/>
  <system-out><![CDATA[----------------------------      PLAYERS      ----------------------------
 player : money  dice  DICE  chips
     P1 :     0     6     1      0
     P2 :     0     6     1      0

----------------------------      CASINOS      ----------------------------
  #   $$   $     P1   P2   
 [1]   3   1 :    
 Jackpot - Roll doubles or 7 to win $3.
 [2]   6   2 :    

Round 1 has ended.
P1 gained $3: from Casino 1 for Round 1.
P1 gained $6: from Casino 2 for Round 1.
P2 gained $2: from Casino 2 for Round 1.
Casino 1 added the minigame Jackpot.
P1 gained 2 chips: Chips for Round 1.
P2 gained 2 chips: Chips for Round 1.
Round 1 has started.
The game has started. It will consist of 1 round(s) and has 2 player.
Each player has 6 regular and 1 large dice with 2 chips per round.
]]></system-out>
  <system-err><![CDATA[]]></system-err>
</testsuite>
