<?xml version="1.0" encoding="UTF-8"?>
<testsuite name="pipboss.HighFiveTest" tests="8" skipped="0" failures="0" errors="0" timestamp="2023-02-15T20:04:24" hostname="Tylers-MacBook-Pro.local" time="0.005">
  <properties/>
  <testcase name="testtoString()" classname="pipboss.HighFiveTest" time="0.001"/>
  <testcase name="testtoString2()" classname="pipboss.HighFiveTest" time="0.0"/>
  <testcase name="testGetName()" classname="pipboss.HighFiveTest" time="0.0"/>
  <testcase name="testActivate1()" classname="pipboss.HighFiveTest" time="0.001"/>
  <testcase name="testActivate2()" classname="pipboss.HighFiveTest" time="0.001"/>
  <testcase name="testActivate3()" classname="pipboss.HighFiveTest" time="0.0"/>
  <testcase name="testActivate4()" classname="pipboss.HighFiveTest" time="0.001"/>
  <testcase name="testEquals()" classname="pipboss.HighFiveTest" time="0.0"/>
  <system-out><![CDATA[P1 gained $10: High Five
]]></system-out>
  <system-err><![CDATA[]]></system-err>
</testsuite>
