<?xml version="1.0" encoding="UTF-8"?>
<testsuite name="pipboss.GameTest" tests="8" skipped="0" failures="0" errors="0" timestamp="2023-02-15T20:04:24" hostname="Tylers-MacBook-Pro.local" time="0.013">
  <properties/>
  <testcase name="testPlayTurn()" classname="pipboss.GameTest" time="0.006"/>
  <testcase name="testMinigames2()" classname="pipboss.GameTest" time="0.0"/>
  <testcase name="testMinigames3()" classname="pipboss.GameTest" time="0.001"/>
  <testcase name="testPlayTurn2()" classname="pipboss.GameTest" time="0.001"/>
  <testcase name="testRoundEnd()" classname="pipboss.GameTest" time="0.0"/>
  <testcase name="testResetCasinos()" classname="pipboss.GameTest" time="0.001"/>
  <testcase name="testRollDices()" classname="pipboss.GameTest" time="0.0"/>
  <testcase name="testMinigames()" classname="pipboss.GameTest" time="0.001"/>
  <system-out><![CDATA[P1 You rolled [1, 2, 3, 4, 5, 6, 1+1].
Which casino will you place?
P1 placed [4].
Casino 4 gained [4] from P1.
The minigame Jackpot at Casino 0 has the following update: [2,6] was rolled. Potential payout is now $4.
P1 You rolled [1, 2, 3, 4, 5, 6, 1+1].
Which casino will you place?
P1 used a chip and has 1 chips left.
]]></system-out>
  <system-err><![CDATA[]]></system-err>
</testsuite>
