<?xml version="1.0" encoding="UTF-8"?>
<testsuite name="pipboss.BlockItTest" tests="6" skipped="0" failures="0" errors="0" timestamp="2023-02-15T20:04:23" hostname="Tylers-MacBook-Pro.local" time="0.012">
  <properties/>
  <testcase name="testtoString()" classname="pipboss.BlockItTest" time="0.001"/>
  <testcase name="testGetName()" classname="pipboss.BlockItTest" time="0.001"/>
  <testcase name="testActivate1()" classname="pipboss.BlockItTest" time="0.006"/>
  <testcase name="testActivate2()" classname="pipboss.BlockItTest" time="0.001"/>
  <testcase name="testActivate3()" classname="pipboss.BlockItTest" time="0.001"/>
  <testcase name="testEquals()" classname="pipboss.BlockItTest" time="0.0"/>
  <system-out><![CDATA[What is your choice?
What casino will you place?
The minigame Block It at Casino 1 has the following update: P1 has placed 2 Dice in casino 1
What is your choice?
What casino will you place?
The minigame Block It at Casino 1 has the following update: P1 has placed 1 Dice in casino 1
What is your choice?
What casino will you place?
The minigame Block It at Casino 1 has the following update: P1 has placed 3 Dice in casino 1
]]></system-out>
  <system-err><![CDATA[]]></system-err>
</testsuite>
