<?xml version="1.0" encoding="UTF-8"?>
<testsuite name="pipboss.CasinoTest" tests="20" skipped="0" failures="0" errors="0" timestamp="2023-02-15T20:04:23" hostname="Tylers-MacBook-Pro.local" time="0.013">
  <properties/>
  <testcase name="TestRemovePlayerDice()" classname="pipboss.CasinoTest" time="0.0"/>
  <testcase name="testCounterPlayerEmpty()" classname="pipboss.CasinoTest" time="0.0"/>
  <testcase name="testCounterPlayerDie()" classname="pipboss.CasinoTest" time="0.002"/>
  <testcase name="testisPresent2()" classname="pipboss.CasinoTest" time="0.0"/>
  <testcase name="testCounterPlayerDie2()" classname="pipboss.CasinoTest" time="0.0"/>
  <testcase name="testCounterPlayerDie3()" classname="pipboss.CasinoTest" time="0.001"/>
  <testcase name="testCounterPlayerDie4()" classname="pipboss.CasinoTest" time="0.001"/>
  <testcase name="testCounterPlayerDie5()" classname="pipboss.CasinoTest" time="0.0"/>
  <testcase name="TestSetPlayerNum()" classname="pipboss.CasinoTest" time="0.001"/>
  <testcase name="testWinningPID2()" classname="pipboss.CasinoTest" time="0.0"/>
  <testcase name="testWinningPID3()" classname="pipboss.CasinoTest" time="0.0"/>
  <testcase name="testWinningPID4()" classname="pipboss.CasinoTest" time="0.001"/>
  <testcase name="testWinningPID5()" classname="pipboss.CasinoTest" time="0.0"/>
  <testcase name="testWinningPID6()" classname="pipboss.CasinoTest" time="0.001"/>
  <testcase name="testWinningPID7()" classname="pipboss.CasinoTest" time="0.0"/>
  <testcase name="TestMoney()" classname="pipboss.CasinoTest" time="0.0"/>
  <testcase name="TestConstructor()" classname="pipboss.CasinoTest" time="0.001"/>
  <testcase name="testWinningPID()" classname="pipboss.CasinoTest" time="0.0"/>
  <testcase name="testAddingDice()" classname="pipboss.CasinoTest" time="0.0"/>
  <testcase name="testisPresent()" classname="pipboss.CasinoTest" time="0.0"/>
  <system-out><![CDATA[]]></system-out>
  <system-err><![CDATA[]]></system-err>
</testsuite>
