<?xml version="1.0" encoding="UTF-8"?>
<testsuite name="pipboss.FiftyFiftyTest" tests="12" skipped="0" failures="0" errors="0" timestamp="2023-02-15T20:04:23" hostname="Tylers-MacBook-Pro.local" time="0.019">
  <properties/>
  <testcase name="testtoString()" classname="pipboss.FiftyFiftyTest" time="0.002"/>
  <testcase name="testGetName()" classname="pipboss.FiftyFiftyTest" time="0.001"/>
  <testcase name="testActivate1()" classname="pipboss.FiftyFiftyTest" time="0.002"/>
  <testcase name="testActivate2()" classname="pipboss.FiftyFiftyTest" time="0.001"/>
  <testcase name="testActivate3()" classname="pipboss.FiftyFiftyTest" time="0.001"/>
  <testcase name="testActivate4()" classname="pipboss.FiftyFiftyTest" time="0.002"/>
  <testcase name="testActivate5()" classname="pipboss.FiftyFiftyTest" time="0.003"/>
  <testcase name="testActivate6()" classname="pipboss.FiftyFiftyTest" time="0.001"/>
  <testcase name="testSetMarker()" classname="pipboss.FiftyFiftyTest" time="0.0"/>
  <testcase name="testEquals()" classname="pipboss.FiftyFiftyTest" time="0.0"/>
  <testcase name="testSetGuess()" classname="pipboss.FiftyFiftyTest" time="0.0"/>
  <testcase name="testSetIndex()" classname="pipboss.FiftyFiftyTest" time="0.001"/>
  <system-out><![CDATA[Fifty Fifty prize is: $0 and marker is: 4
Whould you like to take the payout?
P1 gained $0: Fifty Fifty
Fifty Fifty prize is: $6 and marker is: 4
Whould you like to take the payout?
P1 gained $6: Fifty Fifty
Fifty Fifty prize is: $0 and marker is: 9
Whould you like to take the payout?
The minigame Fifty Fifty at Casino 1 has the following update: new marker is 5
Fifty Fifty prize is: 1 chip and marker is: 5
Whould you like to take the payout?
P1 gained 1 chip: Fifty Fifty
Fifty Fifty prize is: $0 and marker is: 5
Whould you like to take the payout?
The minigame Fifty Fifty at Casino 1 has the following update: new marker is 9
Fifty Fifty prize is: 1 chip and marker is: 9
Whould you like to take the payout?
P1 gained 1 chip: Fifty Fifty
Fifty Fifty prize is: $0 and marker is: 5
Whould you like to take the payout?
The minigame Fifty Fifty at Casino 1 has the following update: P1 guessed lower and the roll was 9
P1 gained $0: Fifty Fifty
Fifty Fifty prize is: $0 and marker is: 9
Whould you like to take the payout?
The minigame Fifty Fifty at Casino 1 has the following update: P1 guessed higher and the roll was 5
P1 gained $0: Fifty Fifty
]]></system-out>
  <system-err><![CDATA[]]></system-err>
</testsuite>
